Danh sach sinh vien:
Sinh vien 1
Ho va ten: Nguyen Van A 2020
Que quan: 2020
Hoc luc: N
Sinh vien 2
Ho va ten: guyen Van B 2010
Que quan: 2010
Hoc luc: N
Sinh vien 3
Ho va ten: guyen Van C 2000
Que quan: 2000
Hoc luc: N
Sinh vien 4
Ho va ten: guyen Van D 1990
Que quan: 1990
Hoc luc: N
Sinh vien 5
Ho va ten: guyen Van E 1980
Que quan: 1980
Hoc luc: N
Sinh vien 6
Ho va ten: guyen Van F 1970
Que quan: 1970
Hoc luc: N
Sinh vien 7
Ho va ten: guyen Van G 1960
Que quan: 1960
Hoc luc: î

Sau khi sap xep:
Sinh vien 1
Ho va ten: guyen Van G 1960
Que quan: 1960
Hoc luc: î
Sinh vien 2
Ho va ten: guyen Van F 1970
Que quan: 1970
Hoc luc: N
Sinh vien 3
Ho va ten: guyen Van E 1980
Que quan: 1980
Hoc luc: N
Sinh vien 4
Ho va ten: guyen Van D 1990
Que quan: 1990
Hoc luc: N
Sinh vien 5
Ho va ten: guyen Van C 2000
Que quan: 2000
Hoc luc: N
Sinh vien 6
Ho va ten: guyen Van B 2010
Que quan: 2010
Hoc luc: N
Sinh vien 7
Ho va ten: Nguyen Van A 2020
Que quan: 2020
Hoc luc: N
